mothipaaru_flutter/android/app/proguard-android.txt
#Flutter Wrapper
-keep class io.flutter.app.** { *; }
-keep class io.flutter.plugin.**  { *; }
-keep class io.flutter.util.**  { *; }
-keep class io.flutter.view.**  { *; }
-keep class io.flutter.**  { *; }
-keep class io.flutter.plugins.**  { *; }
-keep class io.grpc.** {*;}
-keepattributes Signature
-keepattributes *Annotation*