mothipaaru_flutter/android/app/build/outputs/mapping/release/mapping.txt
# compiler: R8
# compiler_version: 1.5.64
# min_api: 27
# pg_map_id: d8d1e64
...
com.google.android.gms.internal.auth.zzcm -> c.c.a.c.d.d.s:
com.google.android.gms.internal.auth.zzcn -> c.c.a.c.d.d.t:
    android.content.Context zzb -> a
    com.google.android.gms.internal.auth.zzcn zza -> c
    android.database.ContentObserver zzc -> b
    com.google.android.gms.internal.auth.zzcn zza(android.content.Context) -> a
    java.lang.Object zzb(java.lang.String) -> a
    void zze() -> a
    1:1:java.lang.Object com.google.android.gms.internal.auth.zzcl.zza():0:0 -> b
    1:1:java.lang.Object com.google.android.gms.internal.auth.zzci.zza(com.google.android.gms.internal.auth.zzcj):0 -> b
    1:1:java.lang.String zzc(java.lang.String):0 -> b
    2:2:java.lang.Object com.google.android.gms.internal.auth.zzci.zza(com.google.android.gms.internal.auth.zzcj):0:0 -> b
    2:2:java.lang.String zzc(java.lang.String):0 -> b
    3:3:java.lang.Object com.google.android.gms.internal.auth.zzcl.zza():0:0 -> b
    3:3:java.lang.Object com.google.android.gms.internal.auth.zzci.zza(com.google.android.gms.internal.auth.zzcj):0 -> b
    3:3:java.lang.String zzc(java.lang.String):0 -> b
    4:4:java.lang.Object com.google.android.gms.internal.auth.zzci.zza(com.google.android.gms.internal.auth.zzcj):0:0 -> b
    4:4:java.lang.String zzc(java.lang.String):0 -> b
    5:5:java.lang.String zzc(java.lang.String):0:0 -> b
    java.lang.String zzd(java.lang.String) -> c
com.google.android.gms.internal.auth.zzco -> c.c.a.c.d.d.u:
    java.util.Map zza -> a
    java.lang.String zza(android.net.Uri,java.lang.String,java.lang.String,java.lang.String) -> a
com.google.android.gms.internal.auth.zzcp -> c.c.a.c.d.d.v:
    java.lang.Object zzb -> b
    com.google.android.gms.internal.auth.zzde zza -> a
    1:1:com.google.android.gms.internal.auth.zzde com.google.android.gms.internal.auth.zzde.zzc():0:0 -> <clinit>
    1:1:void <clinit>():0 -> <clinit>
    2:2:void <clinit>():0:0 -> <clinit>
    1:1:com.google.android.gms.internal.auth.zzde com.google.android.gms.internal.auth.zzde.zzd(java.lang.Object):0:0 -> a
    1:1:boolean zza(android.content.Context,android.net.Uri):0 -> a
    2:2:boolean zza(android.content.Context,android.net.Uri):0:0 -> a
com.google.android.gms.internal.auth.zzcq -> c.c.a.c.d.d.w:
    androidx.collection.ArrayMap zza -> a
    1:1:java.lang.Object androidx.collection.SimpleArrayMap.get(java.lang.Object):0:0 -> a
    1:1:android.net.Uri zza(java.lang.String):0 -> a
    2:2:android.net.Uri zza(java.lang.String):0:0 -> a
com.google.android.gms.internal.auth.zzcs -> c.c.a.c.d.d.x:
    android.content.Context zza -> o
    1:1:com.google.android.gms.internal.auth.zzde com.google.android.gms.internal.auth.zzde.zzc():0:0 -> a
    1:1:java.lang.Object zza():0 -> a
    2:2:java.lang.Object zza():0:0 -> a
    3:3:com.google.android.gms.internal.auth.zzde com.google.android.gms.internal.auth.zzde.zzd(java.lang.Object):0:0 -> a
    3:3:java.lang.Object zza():0 -> a
    4:4:com.google.android.gms.internal.auth.zzde com.google.android.gms.internal.auth.zzde.zzc():0:0 -> a
    4:4:java.lang.Object zza():0 -> a
    5:5:java.lang.Object zza():0:0 -> a
    6:6:com.google.android.gms.internal.auth.zzde com.google.android.gms.internal.auth.zzde.zzd(java.lang.Object):0:0 -> a
    6:6:java.lang.Object zza():0 -> a
    7:7:java.lang.Object zza():0:0 -> a
    8:8:com.google.android.gms.internal.auth.zzde com.google.android.gms.internal.auth.zzde.zzc():0:0 -> a
    8:8:java.lang.Object zza():0 -> a
    9:9:java.lang.Object zza():0:0 -> a
com.google.android.gms.internal.auth.zzct -> c.c.a.c.d.d.y:
    java.lang.Object zza(java.lang.Object) -> a
com.google.android.gms.internal.auth.zzcu -> c.c.a.c.d.d.z:
    java.lang.Object zza(java.lang.Object) -> a
com.google.android.gms.internal.auth.zzcv -> c.c.a.c.d.d.A:
    java.lang.Object zza(java.lang.Object) -> a
com.google.android.gms.internal.auth.zzcw -> c.c.a.c.d.d.B:
    java.lang.Object zza(java.lang.Object) -> a